2023-08-03 15:02:47,219 - pyswarms.single.global_best - INFO - Optimize for 500 iters with {'c1': 0.5, 'c2': 0.3, 'w': 0.9}
2023-08-03 15:03:13,588 - pyswarms.single.global_best - INFO - Optimize for 500 iters with {'c1': 0.5, 'c2': 0.3, 'w': 0.9}
2023-08-03 15:08:28,291 - pyswarms.single.global_best - INFO - Optimize for 500 iters with {'c1': 0.5, 'c2': 0.3, 'w': 0.9}
2023-08-03 15:08:36,073 - pyswarms.single.global_best - INFO - Optimize for 500 iters with {'c1': 0.5, 'c2': 0.3, 'w': 0.9}
2023-08-03 15:08:46,091 - pyswarms.single.global_best - INFO - Optimize for 500 iters with {'c1': 0.5, 'c2': 0.3, 'w': 0.9}
2023-08-03 15:08:56,020 - pyswarms.single.global_best - INFO - Optimize for 500 iters with {'c1': 0.5, 'c2': 0.3, 'w': 0.9}
2023-08-03 15:09:13,630 - pyswarms.single.global_best - INFO - Optimize for 500 iters with {'c1': 0.5, 'c2': 0.3, 'w': 0.9}
2023-08-03 15:09:22,449 - pyswarms.single.global_best - INFO - Optimize for 500 iters with {'c1': 0.5, 'c2': 0.3, 'w': 0.9}
2023-08-03 15:44:27,835 - tensorflow - WARNING - Detecting that an object or model or tf.train.Checkpoint is being deleted with unrestored values. See the following logs for the specific values in question. To silence these warnings, use `status.expect_partial()`. See https://www.tensorflow.org/api_docs/python/tf/train/Checkpoint#restorefor details about the status object returned by the restore function.
2023-08-03 15:44:27,839 - tensorflow - WARNING - Value in checkpoint could not be found in the restored object: (root).keras_api.metrics.0.total
2023-08-03 15:44:27,841 - tensorflow - WARNING - Value in checkpoint could not be found in the restored object: (root).keras_api.metrics.0.count
2023-08-03 16:58:00,449 - tensorflow - WARNING - Detecting that an object or model or tf.train.Checkpoint is being deleted with unrestored values. See the following logs for the specific values in question. To silence these warnings, use `status.expect_partial()`. See https://www.tensorflow.org/api_docs/python/tf/train/Checkpoint#restorefor details about the status object returned by the restore function.
2023-08-03 16:58:00,453 - tensorflow - WARNING - Value in checkpoint could not be found in the restored object: (root).keras_api.metrics.0.total
2023-08-03 16:58:00,454 - tensorflow - WARNING - Value in checkpoint could not be found in the restored object: (root).keras_api.metrics.0.count
2023-08-03 17:42:17,920 - tensorflow - WARNING - Detecting that an object or model or tf.train.Checkpoint is being deleted with unrestored values. See the following logs for the specific values in question. To silence these warnings, use `status.expect_partial()`. See https://www.tensorflow.org/api_docs/python/tf/train/Checkpoint#restorefor details about the status object returned by the restore function.
2023-08-03 17:42:17,924 - tensorflow - WARNING - Value in checkpoint could not be found in the restored object: (root).keras_api.metrics.0.total
2023-08-03 17:42:17,926 - tensorflow - WARNING - Value in checkpoint could not be found in the restored object: (root).keras_api.metrics.0.count
2023-08-03 19:46:48,203 - pyswarms.single.global_best - INFO - Optimize for 500 iters with {'c1': 0.5, 'c2': 0.3, 'w': 0.9}
2023-08-03 19:47:14,417 - pyswarms.single.global_best - INFO - Optimize for 500 iters with {'c1': 0.5, 'c2': 0.3, 'w': 0.9}
2023-08-03 21:00:41,128 - pyswarms.single.global_best - INFO - Optimize for 500 iters with {'c1': 0.5, 'c2': 0.3, 'w': 0.9}
2023-08-03 21:00:55,997 - pyswarms.single.global_best - INFO - Optimize for 500 iters with {'c1': 0.5, 'c2': 0.3, 'w': 0.9}
2023-08-03 21:01:01,046 - pyswarms.single.global_best - INFO - Optimize for 500 iters with {'c1': 0.5, 'c2': 0.3, 'w': 0.9}
2023-08-03 21:02:52,510 - pyswarms.single.global_best - INFO - Optimize for 500 iters with {'c1': 0.5, 'c2': 0.3, 'w': 0.9}
2023-08-03 21:03:05,017 - pyswarms.single.global_best - INFO - Optimize for 500 iters with {'c1': 0.5, 'c2': 0.3, 'w': 0.9}
2023-08-03 21:03:21,041 - pyswarms.single.global_best - INFO - Optimize for 500 iters with {'c1': 0.5, 'c2': 0.3, 'w': 0.9}
2023-08-03 21:05:14,859 - pyswarms.single.global_best - INFO - Optimize for 500 iters with {'c1': 0.5, 'c2': 0.3, 'w': 0.9}
2023-08-03 21:14:50,530 - pyswarms.single.global_best - INFO - Optimize for 500 iters with {'c1': 0.5, 'c2': 0.3, 'w': 0.9}
2023-08-03 21:15:30,196 - pyswarms.single.global_best - INFO - Optimize for 500 iters with {'c1': 0.5, 'c2': 0.3, 'w': 0.9}
2023-08-03 21:15:40,690 - pyswarms.single.global_best - INFO - Optimize for 500 iters with {'c1': 0.5, 'c2': 0.3, 'w': 0.9}
2023-08-03 21:15:58,489 - pyswarms.single.global_best - INFO - Optimize for 500 iters with {'c1': 0.5, 'c2': 0.3, 'w': 0.9}
2023-08-03 21:16:09,914 - pyswarms.single.global_best - INFO - Optimize for 500 iters with {'c1': 0.5, 'c2': 0.3, 'w': 0.9}
2023-08-03 21:16:11,332 - pyswarms.single.global_best - INFO - Optimize for 500 iters with {'c1': 0.5, 'c2': 0.3, 'w': 0.9}
2023-08-03 21:16:11,932 - pyswarms.single.global_best - INFO - Optimize for 500 iters with {'c1': 0.5, 'c2': 0.3, 'w': 0.9}
2023-08-03 21:16:12,545 - pyswarms.single.global_best - INFO - Optimize for 500 iters with {'c1': 0.5, 'c2': 0.3, 'w': 0.9}
2023-08-03 21:16:15,098 - pyswarms.single.global_best - INFO - Optimize for 500 iters with {'c1': 0.5, 'c2': 0.3, 'w': 0.9}
2023-08-03 21:17:48,428 - pyswarms.single.global_best - INFO - Optimize for 500 iters with {'c1': 0.5, 'c2': 0.3, 'w': 0.9}
2023-08-03 21:17:54,537 - pyswarms.single.global_best - INFO - Optimize for 500 iters with {'c1': 0.5, 'c2': 0.3, 'w': 0.9}
2023-08-03 21:19:35,336 - pyswarms.single.global_best - INFO - Optimize for 500 iters with {'c1': 0.5, 'c2': 0.3, 'w': 0.9}
2023-08-03 21:19:45,046 - pyswarms.single.global_best - INFO - Optimize for 500 iters with {'c1': 0.5, 'c2': 0.3, 'w': 0.9}
2023-08-03 21:19:45,872 - pyswarms.single.global_best - INFO - Optimize for 500 iters with {'c1': 0.5, 'c2': 0.3, 'w': 0.9}
2023-08-03 21:19:46,303 - pyswarms.single.global_best - INFO - Optimize for 500 iters with {'c1': 0.5, 'c2': 0.3, 'w': 0.9}
2023-08-03 21:19:46,631 - pyswarms.single.global_best - INFO - Optimize for 500 iters with {'c1': 0.5, 'c2': 0.3, 'w': 0.9}
2023-08-03 21:19:46,975 - pyswarms.single.global_best - INFO - Optimize for 500 iters with {'c1': 0.5, 'c2': 0.3, 'w': 0.9}
2023-08-03 21:19:47,241 - pyswarms.single.global_best - INFO - Optimize for 500 iters with {'c1': 0.5, 'c2': 0.3, 'w': 0.9}
2023-08-03 21:19:47,696 - pyswarms.single.global_best - INFO - Optimize for 500 iters with {'c1': 0.5, 'c2': 0.3, 'w': 0.9}
2023-08-03 21:19:48,196 - pyswarms.single.global_best - INFO - Optimize for 500 iters with {'c1': 0.5, 'c2': 0.3, 'w': 0.9}
2023-08-03 21:19:48,406 - pyswarms.single.global_best - INFO - Optimize for 500 iters with {'c1': 0.5, 'c2': 0.3, 'w': 0.9}
2023-08-03 21:19:48,650 - pyswarms.single.global_best - INFO - Optimize for 500 iters with {'c1': 0.5, 'c2': 0.3, 'w': 0.9}
2023-08-03 21:19:48,896 - pyswarms.single.global_best - INFO - Optimize for 500 iters with {'c1': 0.5, 'c2': 0.3, 'w': 0.9}
2023-08-03 21:21:48,636 - pyswarms.single.global_best - INFO - Optimize for 500 iters with {'c1': 0.5, 'c2': 0.3, 'w': 0.9}
2023-08-03 21:22:37,286 - pyswarms.single.global_best - INFO - Optimize for 500 iters with {'c1': 0.5, 'c2': 0.3, 'w': 0.9}
2023-08-03 21:22:41,734 - pyswarms.single.global_best - INFO - Optimize for 500 iters with {'c1': 0.5, 'c2': 0.3, 'w': 0.9}
2023-08-03 21:22:46,935 - pyswarms.single.global_best - INFO - Optimize for 500 iters with {'c1': 0.5, 'c2': 0.3, 'w': 0.9}
2023-08-03 21:23:01,287 - pyswarms.single.global_best - INFO - Optimize for 500 iters with {'c1': 0.5, 'c2': 0.3, 'w': 0.9}
2023-08-03 21:23:20,977 - pyswarms.single.global_best - INFO - Optimize for 500 iters with {'c1': 0.5, 'c2': 0.3, 'w': 0.9}
2023-08-03 21:24:16,491 - pyswarms.single.global_best - INFO - Optimize for 500 iters with {'c1': 0.5, 'c2': 0.3, 'w': 0.9}
2023-08-03 21:24:52,395 - pyswarms.single.global_best - INFO - Optimize for 500 iters with {'c1': 0.5, 'c2': 0.3, 'w': 0.9}
2023-08-03 21:24:57,980 - pyswarms.single.global_best - INFO - Optimize for 500 iters with {'c1': 0.5, 'c2': 0.3, 'w': 0.9}
2023-08-03 21:25:13,454 - pyswarms.single.global_best - INFO - Optimize for 500 iters with {'c1': 0.5, 'c2': 0.3, 'w': 0.9}
2023-08-03 21:26:45,882 - pyswarms.single.global_best - INFO - Optimize for 500 iters with {'c1': 0.5, 'c2': 0.3, 'w': 0.9}
2023-08-03 21:28:05,679 - pyswarms.backend.generators - ERROR - Bounds and/or init_pos should be of size (1,)
Traceback (most recent call last):
  File "c:\Users\LuanNogueira\Downloads\Ic-Metamodelagem\pibicvenv\lib\site-packages\pyswarms\backend\generators.py", line 81, in generate_swarm
    pos = center * np.random.uniform(
  File "mtrand.pyx", line 1134, in numpy.random.mtrand.RandomState.uniform
  File "_common.pyx", line 600, in numpy.random._common.cont
  File "_common.pyx", line 518, in numpy.random._common.cont_broadcast_2
  File "_common.pyx", line 245, in numpy.random._common.validate_output_shape
ValueError: Output size (600, 1) is not compatible with broadcast dimensions of inputs (600, 6).
2023-08-03 21:28:32,569 - pyswarms.backend.generators - ERROR - Bounds and/or init_pos should be of size (1,)
Traceback (most recent call last):
  File "c:\Users\LuanNogueira\Downloads\Ic-Metamodelagem\pibicvenv\lib\site-packages\pyswarms\backend\generators.py", line 81, in generate_swarm
    pos = center * np.random.uniform(
  File "mtrand.pyx", line 1134, in numpy.random.mtrand.RandomState.uniform
  File "_common.pyx", line 600, in numpy.random._common.cont
  File "_common.pyx", line 518, in numpy.random._common.cont_broadcast_2
  File "_common.pyx", line 245, in numpy.random._common.validate_output_shape
ValueError: Output size (600, 1) is not compatible with broadcast dimensions of inputs (600, 6).
2023-08-03 21:29:58,716 - pyswarms.backend.generators - ERROR - Bounds and/or init_pos should be of size (1,)
Traceback (most recent call last):
  File "c:\Users\LuanNogueira\Downloads\Ic-Metamodelagem\pibicvenv\lib\site-packages\pyswarms\backend\generators.py", line 81, in generate_swarm
    pos = center * np.random.uniform(
  File "mtrand.pyx", line 1134, in numpy.random.mtrand.RandomState.uniform
  File "_common.pyx", line 600, in numpy.random._common.cont
  File "_common.pyx", line 518, in numpy.random._common.cont_broadcast_2
  File "_common.pyx", line 245, in numpy.random._common.validate_output_shape
ValueError: Output size (600, 1) is not compatible with broadcast dimensions of inputs (600, 6).
2023-08-03 21:30:28,930 - pyswarms.single.global_best - INFO - Optimize for 500 iters with {'c1': 0.5, 'c2': 0.3, 'w': 0.9}
2023-08-03 21:30:50,476 - pyswarms.backend.generators - ERROR - Bounds and/or init_pos should be of size (2,)
Traceback (most recent call last):
  File "c:\Users\LuanNogueira\Downloads\Ic-Metamodelagem\pibicvenv\lib\site-packages\pyswarms\backend\generators.py", line 81, in generate_swarm
    pos = center * np.random.uniform(
  File "mtrand.pyx", line 1134, in numpy.random.mtrand.RandomState.uniform
  File "_common.pyx", line 600, in numpy.random._common.cont
  File "_common.pyx", line 517, in numpy.random._common.cont_broadcast_2
  File "__init__.pxd", line 741, in numpy.PyArray_MultiIterNew3
ValueError: shape mismatch: objects cannot be broadcast to a single shape.  Mismatch is between arg 0 with shape (600, 2) and arg 1 with shape (600, 6).
2023-08-03 21:31:17,687 - pyswarms.backend.generators - ERROR - Bounds and/or init_pos should be of size (7,)
Traceback (most recent call last):
  File "c:\Users\LuanNogueira\Downloads\Ic-Metamodelagem\pibicvenv\lib\site-packages\pyswarms\backend\generators.py", line 81, in generate_swarm
    pos = center * np.random.uniform(
  File "mtrand.pyx", line 1134, in numpy.random.mtrand.RandomState.uniform
  File "_common.pyx", line 600, in numpy.random._common.cont
  File "_common.pyx", line 517, in numpy.random._common.cont_broadcast_2
  File "__init__.pxd", line 741, in numpy.PyArray_MultiIterNew3
ValueError: shape mismatch: objects cannot be broadcast to a single shape.  Mismatch is between arg 0 with shape (600, 7) and arg 1 with shape (600, 6).
2023-08-03 21:31:22,850 - pyswarms.single.global_best - INFO - Optimize for 500 iters with {'c1': 0.5, 'c2': 0.3, 'w': 0.9}
2023-08-03 21:35:48,711 - pyswarms.single.global_best - INFO - Optimize for 500 iters with {'c1': 0.5, 'c2': 0.3, 'w': 0.9}
2023-08-03 22:19:03,904 - tensorflow - WARNING - Detecting that an object or model or tf.train.Checkpoint is being deleted with unrestored values. See the following logs for the specific values in question. To silence these warnings, use `status.expect_partial()`. See https://www.tensorflow.org/api_docs/python/tf/train/Checkpoint#restorefor details about the status object returned by the restore function.
2023-08-03 22:19:03,905 - tensorflow - WARNING - Value in checkpoint could not be found in the restored object: (root).keras_api.metrics.0.total
2023-08-03 22:19:03,906 - tensorflow - WARNING - Value in checkpoint could not be found in the restored object: (root).keras_api.metrics.0.count
